<?xml version="1.0" encoding="UTF-8"?>
<!-- Generated by org.testng.reporters.JUnitReportReporter -->
<testsuite hostname="Abdul-Aziz" failures="0" tests="4" name="paginationClass.paginationClassTest" time="0.022" errors="0" timestamp="2022-12-27T21:59:00 PKT" skipped="0">
  <testcase classname="paginationClass.paginationClassTest" name="TestpageCount" time="0.001"/>
  <system-out/>
  <testcase classname="paginationClass.paginationClassTest" name="TestitemCount" time="0.017"/>
  <system-out/>
  <testcase classname="paginationClass.paginationClassTest" name="TestpageIndex" time="0.002"/>
  <system-out/>
  <testcase classname="paginationClass.paginationClassTest" name="TestpageItemCount" time="0.002"/>
  <system-out/>
</testsuite> <!-- paginationClass.paginationClassTest -->
